[31-Mar-2022 02:43:19] NOTICE: fpm is running, pid 29161
[31-Mar-2022 02:43:19] NOTICE: ready to handle connections
[31-Mar-2022 02:44:48] NOTICE: Terminating ...
[31-Mar-2022 02:44:48] NOTICE: Terminating ...
[31-Mar-2022 02:44:48] NOTICE: exiting, bye-bye!
[31-Mar-2022 02:53:36] NOTICE: fpm is running, pid 31043
[31-Mar-2022 02:53:36] NOTICE: ready to handle connections
[31-Mar-2022 03:26:07] NOTICE: Terminating ...
[31-Mar-2022 03:26:07] NOTICE: Terminating ...
[31-Mar-2022 03:26:07] NOTICE: exiting, bye-bye!
[31-Mar-2022 03:26:09] NOTICE: fpm is running, pid 31471
[31-Mar-2022 03:26:09] NOTICE: ready to handle connections
[31-Mar-2022 03:43:03] NOTICE: Terminating ...
[31-Mar-2022 03:43:03] NOTICE: Terminating ...
[31-Mar-2022 03:43:03] NOTICE: exiting, bye-bye!
[31-Mar-2022 03:46:53] NOTICE: fpm is running, pid 33959
[31-Mar-2022 03:46:53] NOTICE: ready to handle connections
[31-Mar-2022 03:47:00] NOTICE: Terminating ...
[31-Mar-2022 03:47:00] NOTICE: Terminating ...
[31-Mar-2022 03:47:00] NOTICE: exiting, bye-bye!
[31-Mar-2022 03:48:37] NOTICE: fpm is running, pid 34008
[31-Mar-2022 03:48:37] NOTICE: ready to handle connections
[03-Apr-2022 18:32:11] NOTICE: fpm is running, pid 51739
[03-Apr-2022 18:32:11] NOTICE: ready to handle connections
[03-Apr-2022 19:11:08] NOTICE: Terminating ...
[03-Apr-2022 19:11:08] NOTICE: Terminating ...
[03-Apr-2022 19:11:08] NOTICE: exiting, bye-bye!
[04-Apr-2022 00:01:00] NOTICE: fpm is running, pid 53281
[04-Apr-2022 00:01:00] NOTICE: ready to handle connections
[04-Apr-2022 02:33:24] NOTICE: Terminating ...
[04-Apr-2022 02:33:24] NOTICE: Terminating ...
[04-Apr-2022 02:33:24] NOTICE: exiting, bye-bye!
[04-Apr-2022 19:44:42] NOTICE: fpm is running, pid 55239
[04-Apr-2022 19:44:42] NOTICE: ready to handle connections
[04-Apr-2022 23:12:46] NOTICE: Terminating ...
[04-Apr-2022 23:12:46] NOTICE: Terminating ...
[04-Apr-2022 23:12:46] NOTICE: exiting, bye-bye!
[04-Apr-2022 23:12:55] NOTICE: fpm is running, pid 57078
[04-Apr-2022 23:12:55] NOTICE: ready to handle connections
[05-Apr-2022 01:24:02] NOTICE: Terminating ...
[05-Apr-2022 01:24:02] NOTICE: Terminating ...
[05-Apr-2022 01:24:03] NOTICE: exiting, bye-bye!
[05-Apr-2022 09:58:52] NOTICE: fpm is running, pid 4925
[05-Apr-2022 09:58:52] NOTICE: ready to handle connections
[05-Apr-2022 23:12:43] NOTICE: Terminating ...
[05-Apr-2022 23:12:43] NOTICE: Terminating ...
[05-Apr-2022 23:12:43] NOTICE: exiting, bye-bye!
[05-Apr-2022 23:12:45] NOTICE: fpm is running, pid 7265
[05-Apr-2022 23:12:45] NOTICE: ready to handle connections
[06-Apr-2022 10:00:54] NOTICE: fpm is running, pid 1051
[06-Apr-2022 10:00:54] NOTICE: ready to handle connections
[06-Apr-2022 10:52:41] NOTICE: Terminating ...
[06-Apr-2022 10:52:41] NOTICE: Terminating ...
[06-Apr-2022 10:52:41] NOTICE: exiting, bye-bye!
[06-Apr-2022 11:05:29] NOTICE: fpm is running, pid 4155
[06-Apr-2022 11:05:29] NOTICE: ready to handle connections
[06-Apr-2022 11:24:17] NOTICE: Terminating ...
[06-Apr-2022 11:24:17] NOTICE: Terminating ...
[06-Apr-2022 11:24:17] NOTICE: exiting, bye-bye!
